31/03/24 11:26:19 PM: INFO: *************** Test_001_Login ***************
31/03/24 11:26:19 PM: INFO: ************Verifying Home Page Title ***************
31/03/24 11:27:11 PM: INFO: ************ Home Page Title is Passed ***************
31/03/24 11:31:33 PM: INFO: *************** Test_001_Login ***************
31/03/24 11:31:33 PM: INFO: ************Verifying Home Page Title ***************
31/03/24 11:31:37 PM: INFO: ************ Home Page Title is Passed ***************
31/03/24 11:31:42 PM: INFO: *************** Test_001_Login ***************
31/03/24 11:31:42 PM: INFO: ************Verifying Dashboard Page Title ***************
31/03/24 11:31:51 PM: INFO: ************ Home Page Title is Passed ***************
01/04/24 05:27:04 PM: INFO: *************** Test_001_Login ***************
01/04/24 05:27:04 PM: INFO: ************Verifying Home Page Title ***************
01/04/24 05:27:07 PM: INFO: ************ Home Page Title is Passed ***************
01/04/24 05:27:13 PM: INFO: *************** Test_001_Login ***************
01/04/24 05:27:13 PM: INFO: ************Verifying Dashboard Page Title ***************
01/04/24 05:27:24 PM: INFO: ************ Home Page Title is Passed ***************
01/04/24 05:29:01 PM: INFO: *************** Test_001_Login ***************
01/04/24 05:29:01 PM: INFO: ************Verifying Home Page Title ***************
01/04/24 05:29:09 PM: INFO: ************ Home Page Title is Passed ***************
01/04/24 05:29:29 PM: INFO: *************** Test_001_Login ***************
01/04/24 05:29:29 PM: INFO: ************Verifying Dashboard Page Title ***************
01/04/24 05:29:41 PM: INFO: ************ Home Page Title is Passed ***************
01/04/24 05:36:18 PM: INFO: *************** Test_001_Login ***************
01/04/24 05:36:18 PM: INFO: ************Verifying Home Page Title ***************
01/04/24 05:38:36 PM: INFO: *************** Test_001_Login ***************
01/04/24 05:38:36 PM: INFO: ************Verifying Home Page Title ***************
01/04/24 05:45:06 PM: INFO: *************** Test_001_Login ***************
01/04/24 05:45:06 PM: INFO: ************Verifying Home Page Title ***************
01/04/24 05:45:06 PM: INFO: *************** Test_001_Login ***************
01/04/24 05:45:06 PM: INFO: ************Verifying Dashboard Page Title ***************
01/04/24 11:06:46 PM: INFO: *************** Test_001_Login ***************
01/04/24 11:06:46 PM: INFO: ************Verifying Dashboard Page Title ***************
01/04/24 11:06:47 PM: INFO: *************** Test_001_Login ***************
01/04/24 11:06:47 PM: INFO: ************Verifying Home Page Title ***************
01/04/24 11:08:44 PM: INFO: *************** Test_001_Login ***************
01/04/24 11:08:44 PM: INFO: ************Verifying Dashboard Page Title ***************
01/04/24 11:08:45 PM: INFO: *************** Test_001_Login ***************
01/04/24 11:08:45 PM: INFO: ************Verifying Home Page Title ***************
07/04/24 11:12:57 AM: INFO: *************** Test_001_Login ***************
07/04/24 11:12:57 AM: INFO: ************Verifying Home Page Title ***************
07/04/24 11:12:59 AM: INFO: *************** Test_001_Login ***************
07/04/24 11:12:59 AM: INFO: ************Verifying Dashboard Page Title ***************
12/04/24 01:20:30 PM: INFO: *************** Test_001_Login ***************
12/04/24 01:20:30 PM: INFO: ************Verifying Home Page Title ***************
12/04/24 01:24:57 PM: INFO: *************** Test_001_Login ***************
12/04/24 01:24:57 PM: INFO: ************Verifying Home Page Title ***************
12/04/24 01:38:15 PM: INFO: *************** Test_001_Login ***************
12/04/24 01:38:15 PM: INFO: ************Verifying Home Page Title ***************
12/04/24 01:41:07 PM: INFO: *************** Test_001_Login ***************
12/04/24 01:41:07 PM: INFO: ************Verifying Home Page Title ***************
12/04/24 01:55:21 PM: INFO: *************** Test_001_Login ***************
12/04/24 01:55:21 PM: INFO: ************Verifying Home Page Title ***************
12/04/24 01:56:43 PM: INFO: *************** Test_001_Login ***************
12/04/24 01:56:43 PM: INFO: ************Verifying Home Page Title ***************
12/04/24 01:56:53 PM: INFO: *************** Test_001_Login ***************
12/04/24 01:56:53 PM: INFO: ************Verifying Dashboard Page Title ***************
12/04/24 01:58:51 PM: INFO: *************** Test_001_Login ***************
12/04/24 01:58:51 PM: INFO: ************Verifying Home Page Title ***************
12/04/24 01:59:00 PM: INFO: *************** Test_001_Login ***************
12/04/24 01:59:00 PM: INFO: ************Verifying Dashboard Page Title ***************
14/04/24 01:23:52 PM: INFO: *************** Test_001_Login ***************
14/04/24 01:23:52 PM: INFO: ************Verifying Home Page Title ***************
14/04/24 01:24:02 PM: INFO: *************** Test_001_Login ***************
14/04/24 01:24:02 PM: INFO: ************Verifying Dashboard Page Title ***************
16/04/24 04:29:45 PM: INFO: *************** Test_001_Login ***************
16/04/24 04:29:45 PM: INFO: ************Verifying Home Page Title ***************
16/04/24 04:29:57 PM: INFO: *************** Test_001_Login ***************
16/04/24 04:29:57 PM: INFO: ************Verifying Dashboard Page Title ***************
16/04/24 04:30:39 PM: INFO: *************** Test_001_Login ***************
16/04/24 04:30:39 PM: INFO: ************Verifying Home Page Title ***************
16/04/24 04:32:46 PM: INFO: *************** Test_001_Login ***************
16/04/24 04:32:46 PM: INFO: ************Verifying Home Page Title ***************
16/04/24 04:34:00 PM: INFO: *************** Test_001_Login ***************
16/04/24 04:34:00 PM: INFO: ************Verifying Home Page Title ***************
16/04/24 04:34:09 PM: INFO: *************** Test_001_Login ***************
16/04/24 04:34:09 PM: INFO: ************Verifying Dashboard Page Title ***************
16/04/24 04:41:29 PM: INFO: *************** Test_001_Login ***************
16/04/24 04:41:29 PM: INFO: ************Verifying Home Page Title ***************
16/04/24 04:41:44 PM: INFO: *************** Test_001_Login ***************
16/04/24 04:41:44 PM: INFO: ************Verifying Dashboard Page Title ***************
16/04/24 05:24:44 PM: INFO: *************** Test_001_Login ***************
16/04/24 05:24:44 PM: INFO: ************Verifying Home Page Title ***************
16/04/24 05:24:51 PM: INFO: *************** Test_001_Login ***************
16/04/24 05:24:51 PM: INFO: ************Verifying Dashboard Page Title ***************
16/04/24 05:32:50 PM: INFO: *************** Test_001_Login ***************
16/04/24 05:32:50 PM: INFO: ************Verifying Home Page Title ***************
16/04/24 05:32:56 PM: INFO: *************** Test_001_Login ***************
16/04/24 05:32:56 PM: INFO: ************Verifying Dashboard Page Title ***************
16/04/24 05:35:20 PM: INFO: *************** Test_001_Login ***************
16/04/24 05:35:20 PM: INFO: ************Verifying Home Page Title ***************
16/04/24 05:35:28 PM: INFO: *************** Test_001_Login ***************
16/04/24 05:35:28 PM: INFO: ************Verifying Dashboard Page Title ***************
16/04/24 05:44:25 PM: INFO: *************** Test_001_Login ***************
16/04/24 05:44:25 PM: INFO: ************Verifying Home Page Title ***************
16/04/24 05:44:28 PM: INFO: ************ Home Page Title is Passed ***************
16/04/24 05:44:32 PM: INFO: *************** Test_001_Login ***************
16/04/24 05:44:32 PM: INFO: ************Verifying Dashboard Page Title ***************
16/04/24 05:44:41 PM: INFO: ************ Home Page Title is Passed ***************
16/04/24 06:24:24 PM: INFO: *************** Test_001_Login ***************
16/04/24 06:24:24 PM: INFO: ************Verifying Home Page Title ***************
16/04/24 06:24:27 PM: INFO: ************ Home Page Title is Passed ***************
16/04/24 06:24:31 PM: INFO: *************** Test_001_Login ***************
16/04/24 06:24:31 PM: INFO: ************Verifying Dashboard Page Title ***************
16/04/24 06:24:41 PM: INFO: ************ Home Page Title is Passed ***************
16/04/24 06:30:19 PM: INFO: *************** Test_001_Login ***************
16/04/24 06:30:19 PM: INFO: ************Verifying Home Page Title ***************
16/04/24 06:30:19 PM: INFO: *************** Test_001_Login ***************
16/04/24 06:30:19 PM: INFO: ************Verifying Dashboard Page Title ***************
16/04/24 06:30:24 PM: INFO: ************ Home Page Title is Passed ***************
16/04/24 06:30:29 PM: INFO: ************ Home Page Title is Passed ***************
16/04/24 06:41:37 PM: INFO: *************** Test_001_Login ***************
16/04/24 06:41:37 PM: INFO: ************Verifying Dashboard Page Title ***************
16/04/24 06:41:37 PM: INFO: *************** Test_001_Login ***************
16/04/24 06:41:37 PM: INFO: ************Verifying Home Page Title ***************
16/04/24 06:41:41 PM: INFO: ************ Home Page Title is Passed ***************
